[01:26:41] [Server thread/INFO]: Starting minecraft server version 1.7.10
[01:26:47] [Server thread/INFO]: Loading properties
[01:26:47] [Server thread/INFO]: Default game type: SURVIVAL
[01:26:47] [Server thread/INFO]: Generating keypair
[01:26:48] [Server thread/INFO]: Starting Minecraft server on *:25565
[01:26:48] [Server thread/WARN]: **** SERVER IS RUNNING IN OFFLINE/INSECURE MODE!
[01:26:48] [Server thread/WARN]: The server will make no attempt to authenticate usernames. Beware.
[01:26:48] [Server thread/WARN]: While this makes the game possible to play without internet access, it also opens up the ability for hackers to connect with any username they choose.
[01:26:48] [Server thread/WARN]: To change this, set "online-mode" to "true" in the server.properties file.
[01:26:51] [Server thread/INFO]: Preparing level "world"
[01:26:51] [Server thread/INFO]: Preparing start region for level 0
[01:26:52] [Server thread/INFO]: Done (1.248s)! For help, type "help" or "?"
[01:27:01] [Server thread/INFO]: Stopping the server
[01:27:01] [Server thread/INFO]: Stopping server
[01:27:01] [Server thread/INFO]: Saving players
[01:27:01] [Server thread/INFO]: Saving worlds
[01:27:01] [Server thread/INFO]: Saving chunks for level 'world'/Overworld
[01:27:01] [Server thread/INFO]: Saving chunks for level 'world'/Nether
[01:27:01] [Server thread/INFO]: Saving chunks for level 'world'/The End
[01:27:01] [Server thread/INFO]: Saving chunks for level 'world'/OtherWorld
[01:27:01] [Server thread/INFO]: Saving chunks for level 'world'/Vegeta
[01:27:01] [Server thread/INFO]: Saving chunks for level 'world'/Namek
[01:27:01] [Server thread/INFO]: Saving chunks for level 'world'/universalarena
[01:27:01] [Server thread/INFO]: Saving chunks for level 'world'/beerusplanet
[01:27:01] [Server thread/INFO]: Saving chunks for level 'world'/sacredworld
[01:27:01] [Server thread/INFO]: Saving chunks for level 'world'/Null Realm
[01:27:01] [Server thread/INFO]: Saving chunks for level 'world'/TimeChamber
